<?xml version="1.0" encoding="UTF-8"?>
<!-- Generated by org.testng.reporters.JUnitReportReporter -->
<testsuite hostname="L-356035546" failures="0" tests="1" name="Day6HollAndBarretProducts.ProductsAdd" time="6.029" errors="0" timestamp="2023-05-25T10:57:23 IST" skipped="0">
  <testcase classname="Day6HollAndBarretProducts.ProductsAdd" name="Products" time="6.029"/>
  <system-out/>
</testsuite> <!-- Day6HollAndBarretProducts.ProductsAdd -->
