<?xml version="1.0" encoding="UTF-8"?>
<!-- Generated by org.testng.reporters.JUnitReportReporter -->
<testsuite hostname="L-356035546" failures="0" tests="1" name="Day5Waits.ImplicitWaits" time="7.001" errors="0" timestamp="2023-05-24T13:52:28 IST" skipped="0">
  <testcase classname="Day5Waits.ImplicitWaits" name="TestNameDemo" time="7.001"/>
  <system-out/>
</testsuite> <!-- Day5Waits.ImplicitWaits -->
