<?xml version="1.0" encoding="UTF-8"?>
<!-- Generated by org.testng.reporters.JUnitReportReporter -->
<testsuite hostname="L-356035546" failures="0" tests="1" name="Proj.checkbox2" time="4.621" errors="0" timestamp="2023-05-22T18:18:54 IST" skipped="0">
  <testcase classname="Proj.checkbox2" name="TestCB" time="4.621"/>
  <system-out/>
</testsuite> <!-- Proj.checkbox2 -->
