<?xml version="1.0" encoding="UTF-8"?>
<!-- Generated by org.testng.reporters.JUnitReportReporter -->
<testsuite hostname="L-356035546" failures="0" tests="1" name="Day4Assignment1Checkbox.CheckboxAssignment" time="12.394" errors="0" timestamp="2023-05-22T18:21:39 IST" skipped="0">
  <testcase classname="Day4Assignment1Checkbox.CheckboxAssignment" name="CBTest" time="12.394"/>
  <system-out/>
</testsuite> <!-- Day4Assignment1Checkbox.CheckboxAssignment -->
