<?xml version="1.0" encoding="UTF-8"?>
<!-- Generated by org.testng.reporters.JUnitReportReporter -->
<testsuite hostname="L-356035546" failures="0" tests="1" name="webDriverScreenshots.ScreenShotsDemo" time="9.869" errors="0" timestamp="2023-05-22T15:34:16 IST" skipped="0">
  <testcase classname="webDriverScreenshots.ScreenShotsDemo" name="SS" time="9.869"/>
  <system-out/>
</testsuite> <!-- webDriverScreenshots.ScreenShotsDemo -->
