<?xml version="1.0" encoding="UTF-8"?>
<!-- Generated by org.testng.reporters.JUnitReportReporter -->
<testsuite hostname="L-356035546" failures="0" tests="3" name="Day4Assignment1Checkbox.DataProviderTestNG" time="0.009" errors="0" timestamp="2023-05-24T19:28:11 IST" skipped="0">
  <testcase classname="Day4Assignment1Checkbox.DataProviderTestNG" name="readDataProviderData" time="0.006"/>
  <system-out/>
  <testcase classname="Day4Assignment1Checkbox.DataProviderTestNG" name="readDataProviderData" time="0.001"/>
  <system-out/>
  <testcase classname="Day4Assignment1Checkbox.DataProviderTestNG" name="readDataProviderData" time="0.002"/>
  <system-out/>
</testsuite> <!-- Day4Assignment1Checkbox.DataProviderTestNG -->
